2023-10-05 16:29:40 - Received: Atchut has joined the chatConnected to the server
2023-10-05 16:29:44 - Received: Srinivas has joined the chat
2023-10-05 16:29:44 - Received: Srinivas has joined the chatConnected to the server
2023-10-05 16:29:48 - Sent: Atchut:Hi Srinivas
2023-10-05 16:29:48 - Received: Atchut:Hi Srinivas
2023-10-05 16:29:48 - Received: Atchut:Hi Srinivas
2023-10-05 16:29:51 - Sent: Srinivas:Hi Atchut
2023-10-05 16:29:51 - Received: Srinivas:Hi Atchut
2023-10-05 16:29:51 - Received: Srinivas:Hi Atchut
2023-10-05 16:30:00 - Sent: Atchut:How was the work experience?
2023-10-05 16:30:00 - Received: Atchut:How was the work experience?
2023-10-05 16:30:00 - Received: Atchut:How was the work experience?
2023-10-05 16:30:10 - Sent: Srinivas:It was pretty good...thanks
2023-10-05 16:30:10 - Received: Srinivas:It was pretty good...thanks
2023-10-05 16:30:10 - Received: Srinivas:It was pretty good...thanks
2023-10-05 16:30:19 - Sent: Atchut:nice
2023-10-05 16:30:19 - Received: Atchut:nice
2023-10-05 16:30:19 - Received: Atchut:nice
2023-10-05 16:30:20 - Sent: Atchut:bye
2023-10-05 16:30:20 - Received: Atchut:bye
2023-10-05 16:30:20 - Received: Atchut:bye
2023-10-05 16:30:21 - Received: Atchut has left the chat!
2023-10-05 16:30:24 - Sent: Srinivas:byee
2023-10-05 16:30:24 - Received: Srinivas:byee
2023-10-05 16:36:57 - Received: Jay has joined the chatConnected to the server
2023-10-05 16:37:02 - Received: Srujan has joined the chat
2023-10-05 16:37:02 - Received: Srujan has joined the chatConnected to the server
2023-10-05 16:37:10 - Sent: 2023-10-05 16:37:10 Jay:We meet again huh
2023-10-05 16:37:10 - Received: 2023-10-05 16:37:10 2023-10-05 16:37:10 Jay:We meet again huh
2023-10-05 16:37:10 - Received: 2023-10-05 16:37:10 2023-10-05 16:37:10 Jay:We meet again huh
2023-10-05 16:37:22 - Sent: 2023-10-05 16:37:22 Srujan:yeah we do
2023-10-05 16:37:22 - Received: 2023-10-05 16:37:22 2023-10-05 16:37:22 Srujan:yeah we do
2023-10-05 16:37:22 - Received: 2023-10-05 16:37:22 2023-10-05 16:37:22 Srujan:yeah we do
2023-10-05 16:38:12 - Received: Jay has left the chat!
2023-10-05 16:38:19 - Received: Jay has joined the chatConnected to the server
2023-10-05 16:38:21 - Received: Srujan has joined the chat
2023-10-05 16:38:21 - Received: Srujan has joined the chatConnected to the server
2023-10-05 16:38:31 - Sent: 2023-10-05 16:38:31 Jay:Now the logs and timestamp should work correct
2023-10-05 16:38:31 - Received: 2023-10-05 16:38:31 Jay:Now the logs and timestamp should work correct
2023-10-05 16:38:31 - Received: 2023-10-05 16:38:31 Jay:Now the logs and timestamp should work correct
2023-10-05 16:38:38 - Sent: 2023-10-05 16:38:38 Srujan:yes they do work correct
2023-10-05 16:38:38 - Received: 2023-10-05 16:38:38 Srujan:yes they do work correct
2023-10-05 16:38:38 - Received: 2023-10-05 16:38:38 Srujan:yes they do work correct
2023-10-05 16:38:48 - Sent: 2023-10-05 16:38:48 Jay:wow that is crazy
2023-10-05 16:38:48 - Received: 2023-10-05 16:38:48 Jay:wow that is crazy
2023-10-05 16:38:48 - Received: 2023-10-05 16:38:48 Jay:wow that is crazy
2023-10-05 16:38:51 - Sent: 2023-10-05 16:38:51 Srujan:very nice
2023-10-05 16:38:51 - Received: 2023-10-05 16:38:51 Srujan:very nice
2023-10-05 16:38:51 - Received: 2023-10-05 16:38:51 Srujan:very nice
2023-10-05 16:38:52 - Sent: 2023-10-05 16:38:52 Srujan:yes
2023-10-05 16:38:52 - Received: 2023-10-05 16:38:52 Srujan:yes
2023-10-05 16:38:52 - Received: 2023-10-05 16:38:52 Srujan:yes
2023-10-05 16:38:56 - Sent: 2023-10-05 16:38:56 Jay:ookay bye
2023-10-05 16:38:56 - Received: 2023-10-05 16:38:56 Jay:ookay bye
2023-10-05 16:38:56 - Received: 2023-10-05 16:38:56 Jay:ookay bye
2023-10-05 16:38:58 - Received: Jay has left the chat!
2023-10-05 16:43:14 - Received: Jay has joined the chatConnected to the server
2023-10-05 16:43:18 - Received: Srujan has joined the chat
2023-10-05 16:43:18 - Received: Srujan has joined the chatConnected to the server
2023-10-05 16:43:27 - Sent: 2023-10-05 16:43:27 Jay:Finally a error free code
2023-10-05 16:43:27 - Received: 2023-10-05 16:43:27 Jay:Finally a error free code
2023-10-05 16:43:27 - Received: 2023-10-05 16:43:27 Jay:Finally a error free code
2023-10-05 16:43:32 - Sent: 2023-10-05 16:43:32 Srujan:warning free as well
2023-10-05 16:43:32 - Received: 2023-10-05 16:43:32 Srujan:warning free as well
2023-10-05 16:43:32 - Received: 2023-10-05 16:43:32 Srujan:warning free as well
2023-10-05 16:43:43 - Sent: 2023-10-05 16:43:43 Jay:Chatroom is sucessfully done
2023-10-05 16:43:43 - Received: 2023-10-05 16:43:43 Jay:Chatroom is sucessfully done
2023-10-05 16:43:43 - Received: 2023-10-05 16:43:43 Jay:Chatroom is sucessfully done
2023-10-05 16:43:45 - Sent: 2023-10-05 16:43:45 Srujan:true
2023-10-05 16:43:45 - Received: 2023-10-05 16:43:45 Srujan:true
2023-10-05 16:43:45 - Received: 2023-10-05 16:43:45 Srujan:true
2023-10-05 16:43:49 - Sent: 2023-10-05 16:43:49 Srujan:bye
2023-10-05 16:43:49 - Received: 2023-10-05 16:43:49 Srujan:bye
2023-10-05 16:43:49 - Received: 2023-10-05 16:43:49 Srujan:bye
2023-10-05 16:43:52 - Received: Srujan has left the chat!
2023-10-05 20:06:56 - Received: Jay has joined the chatConnected to the server
2023-10-05 20:06:58 - Received: Jia has joined the chat
2023-10-05 20:06:58 - Received: Jia has joined the chatConnected to the server
2023-10-05 20:07:06 - Received: Monkey has joined the chat
2023-10-05 20:07:06 - Received: Monkey has joined the chat
2023-10-05 20:07:06 - Received: Monkey has joined the chatConnected to the server
2023-10-05 20:07:09 - Sent: 2023-10-05 20:07:09 Jia:Hellooo
2023-10-05 20:07:09 - Received: 2023-10-05 20:07:09 Jia:Hellooo
2023-10-05 20:07:09 - Received: 2023-10-05 20:07:09 Jia:Hellooo
2023-10-05 20:07:09 - Received: 2023-10-05 20:07:09 Jia:Hellooo
2023-10-05 20:07:12 - Sent: 2023-10-05 20:07:12 Jay:Hiii
2023-10-05 20:07:12 - Received: 2023-10-05 20:07:12 Jay:Hiii
2023-10-05 20:07:12 - Received: 2023-10-05 20:07:12 Jay:Hiii
2023-10-05 20:07:12 - Received: 2023-10-05 20:07:12 Jay:Hiii
2023-10-05 20:07:18 - Sent: 2023-10-05 20:07:18 Monkey:What do you wnat
2023-10-05 20:07:18 - Received: 2023-10-05 20:07:18 Monkey:What do you wnat
2023-10-05 20:07:18 - Received: 2023-10-05 20:07:18 Monkey:What do you wnat
2023-10-05 20:07:18 - Received: 2023-10-05 20:07:18 Monkey:What do you wnat
2023-10-05 20:07:36 - Received: Private message sent from Jay:Dont tell monkey that I sent you this message
2023-10-05 20:07:41 - Sent: 2023-10-05 20:07:41 Jay:hii
2023-10-05 20:07:41 - Received: 2023-10-05 20:07:41 Jay:hii
2023-10-05 20:07:41 - Received: 2023-10-05 20:07:41 Jay:hii
2023-10-05 20:07:41 - Received: 2023-10-05 20:07:41 Jay:hii
2023-10-05 20:08:10 - Received: Private message sent from Jia:Jay is good. I could not bribe him
2023-10-05 20:08:20 - Received: Jay has left the chat!
2023-10-05 20:08:20 - Received: Jay has left the chat!
2023-10-05 20:08:33 - Sent: 2023-10-05 20:08:33 Jia:ohh no I will leave
2023-10-05 20:08:33 - Received: 2023-10-05 20:08:33 Jia:ohh no I will leave
2023-10-05 20:08:33 - Received: 2023-10-05 20:08:33 Jia:ohh no I will leave
2023-10-05 20:08:35 - Received: Jia has left the chat!
2023-11-19 16:38:23 - Received: Jat has joined the chatConnected to the server
2023-11-19 16:38:25 - Received: sdf has joined the chat
2023-11-19 16:38:25 - Received: sdf has joined the chatConnected to the server
2023-11-19 16:38:50 - Sent: 2023-11-19 16:38:50 sdf:Hello
2023-11-19 16:38:50 - Received: 2023-11-19 16:38:50 sdf:Hello
2023-11-19 16:38:50 - Received: 2023-11-19 16:38:50 sdf:Hello
2023-11-19 16:38:56 - Sent: 2023-11-19 16:38:56 Jat:Hi How are you
2023-11-19 16:38:56 - Received: 2023-11-19 16:38:56 Jat:Hi How are you
2023-11-19 16:38:56 - Received: 2023-11-19 16:38:56 Jat:Hi How are you
2023-11-19 16:39:03 - Sent: 2023-11-19 16:39:03 sdf:Yeah I am fine
2023-11-19 16:39:03 - Received: 2023-11-19 16:39:03 sdf:Yeah I am fine
2023-11-19 16:39:03 - Received: 2023-11-19 16:39:03 sdf:Yeah I am fine
2023-11-19 16:39:08 - Sent: 2023-11-19 16:39:08 sdf:dsf
2023-11-19 16:39:08 - Received: 2023-11-19 16:39:08 sdf:dsf
2023-11-19 16:39:08 - Received: 2023-11-19 16:39:08 sdf:dsf
2023-11-19 16:39:11 - Received: 
2023-11-19 16:39:11 - Received: 
2023-11-19 16:39:11 - Received: 
2023-11-19 16:39:11 - Received: 
2023-11-19 16:39:11 - Received: 
2023-11-19 16:39:11 - Received: 
2023-11-19 16:39:11 - Received: 
2023-11-19 16:39:11 - Received: 
2023-11-19 16:39:11 - Received: 
2023-11-19 16:39:11 - Received: 
2023-11-19 16:39:11 - Received: 
2023-11-19 16:39:11 - Received: 
2023-11-19 16:39:12 - Received: 
2023-11-19 16:39:12 - Received: 
2023-11-19 16:39:12 - Received: 
2023-11-19 16:39:12 - Received: 
2023-11-19 16:39:12 - Received: 
2023-11-19 16:39:12 - Received: 
2023-11-19 16:39:12 - Received: 
2023-11-19 16:39:12 - Received: 
2023-11-19 16:39:12 - Received: 
2023-11-19 16:39:12 - Received: 
2023-11-19 16:39:12 - Received: 
2023-11-19 16:39:12 - Received: 
2023-11-19 16:39:12 - Received: 
2023-11-19 16:39:12 - Received: 
2023-11-19 16:39:12 - Received: 
2023-11-19 16:39:12 - Received: 
2023-11-19 16:39:12 - Received: 
2023-11-19 16:39:12 - Received: 
2023-11-19 16:39:12 - Received: 
2023-11-19 16:39:12 - Received: 
2023-11-19 16:39:13 - Received: 
2023-11-19 16:39:13 - Received: 
2023-11-19 16:39:13 - Received: 
2023-11-19 16:39:13 - Received: 
2023-11-19 16:39:13 - Received: 
2023-11-19 16:39:13 - Received: 
2023-11-19 16:39:13 - Received: 
2023-11-19 16:39:13 - Received: 
2023-11-19 16:39:13 - Received: 
2023-11-19 16:39:13 - Received: 
2023-11-19 16:39:13 - Received: 
2023-11-19 16:39:13 - Received: 
2023-11-19 16:39:13 - Received: 
2023-11-19 16:39:13 - Received: 
2023-11-19 16:39:13 - Received: 
2023-11-19 16:39:13 - Received: 
2023-11-19 16:39:13 - Received: 
2023-11-19 16:39:13 - Received: 
2023-11-19 16:39:14 - Received: 
2023-11-19 16:39:14 - Received: 
2023-11-19 16:39:14 - Received: 
2023-11-19 16:39:14 - Received: 
2023-11-19 16:39:14 - Received: 
2023-11-19 16:39:14 - Received: 
2023-11-19 16:39:14 - Received: 
2023-11-19 16:39:14 - Received: 
2024-07-18 21:41:37 - Received: Jay has joined the chatConnected to the server
2024-07-18 21:41:40 - Received: Jia has joined the chat
2024-07-18 21:41:40 - Received: Jia has joined the chatConnected to the server
2024-07-18 21:42:03 - Sent: 2024-07-18 21:42:03 Jay:hello
2024-07-18 21:42:03 - Received: 2024-07-18 21:42:03 Jay:hello
2024-07-18 21:42:03 - Received: 2024-07-18 21:42:03 Jay:hello
2024-07-18 21:42:05 - Sent: 2024-07-18 21:42:05 Jia:djfslkfjsd
2024-07-18 21:42:05 - Received: 2024-07-18 21:42:05 Jia:djfslkfjsd
2024-07-18 21:42:05 - Received: 2024-07-18 21:42:05 Jia:djfslkfjsd
2024-07-18 21:42:10 - Sent: 2024-07-18 21:42:10 Jia:I am doing fine
2024-07-18 21:42:10 - Received: 2024-07-18 21:42:10 Jia:I am doing fine
2024-07-18 21:42:10 - Received: 2024-07-18 21:42:10 Jia:I am doing fine
2024-07-18 21:42:15 - Sent: 2024-07-18 21:42:15 Jay:I am also doing good
2024-07-18 21:42:15 - Received: 2024-07-18 21:42:15 Jay:I am also doing good
2024-07-18 21:42:15 - Received: 2024-07-18 21:42:15 Jay:I am also doing good
2024-07-18 21:42:19 - Sent: 2024-07-18 21:42:19 Jay:bye
2024-07-18 21:42:19 - Received: 2024-07-18 21:42:19 Jay:bye
2024-07-18 21:42:19 - Received: 2024-07-18 21:42:19 Jay:bye
2024-07-18 21:43:44 - Sent: 2024-07-18 21:43:44 Jia:ksla
2024-07-18 21:43:44 - Received: 2024-07-18 21:43:44 Jia:ksla
2024-07-18 21:43:49 - Sent: 2024-07-18 21:43:49 Jia:dslfsf
2024-07-18 21:43:49 - Received: 2024-07-18 21:43:49 Jia:dslfsf
2024-07-18 21:43:50 - Sent: 2024-07-18 21:43:50 Jia:dslf
2024-07-18 21:43:50 - Received: 2024-07-18 21:43:50 Jia:dslf
2024-07-18 21:43:51 - Sent: 2024-07-18 21:43:51 Jia:dsf
2024-07-18 21:43:51 - Received: 2024-07-18 21:43:51 Jia:dsf
2024-07-18 21:44:13 - Sent: 2024-07-18 21:44:13 Jia:dsfsk
2024-07-18 21:44:13 - Received: 2024-07-18 21:44:13 Jia:dsfsk
2024-07-18 21:44:15 - Sent: 2024-07-18 21:44:15 Jia:dfls
2024-07-18 21:44:15 - Received: 2024-07-18 21:44:15 Jia:dfls
2024-07-18 21:44:21 - Received: 
2024-07-18 21:44:21 - Received: 
2024-07-18 21:44:21 - Received: 
2024-07-18 21:44:21 - Received: 
2024-07-18 21:44:21 - Received: 
2024-07-18 21:44:21 - Received: 
2024-07-18 21:44:21 - Received: 
2024-07-18 21:44:21 - Received: 
2024-07-18 21:44:21 - Received: 
2024-07-18 21:44:22 - Received: 
2024-07-18 21:44:22 - Received: 
2024-07-18 21:44:22 - Received: 
2024-07-18 21:44:22 - Received: 
2024-07-18 21:44:22 - Received: 
2024-07-18 21:44:22 - Received: 
2024-07-18 21:44:22 - Received: 
2024-07-18 21:44:22 - Received: 
2024-07-18 21:44:22 - Received: 
2024-07-18 21:44:22 - Received: 
2024-07-18 21:44:23 - Received: 
2024-07-18 21:44:23 - Received: 
2024-07-18 21:44:23 - Received: 
2024-07-18 21:44:23 - Received: 
2024-07-18 21:44:23 - Received: 
2024-07-18 21:44:23 - Received: 
