2023-10-05 16:24:31 - Broadcasted: Jay:Hiiii
2023-10-05 16:24:33 - Broadcasted: Srujan:hello
2023-10-05 16:24:37 - Broadcasted: Jay:how are you?
2023-10-05 16:24:40 - Broadcasted: Srujan:done BD?
2023-10-05 16:24:44 - Broadcasted: Jay:bro what
2023-10-05 16:29:48 - Broadcasted: Atchut:Hi Srinivas
2023-10-05 16:29:51 - Broadcasted: Srinivas:Hi Atchut
2023-10-05 16:30:00 - Broadcasted: Atchut:How was the work experience?
2023-10-05 16:30:10 - Broadcasted: Srinivas:It was pretty good...thanks
2023-10-05 16:30:19 - Broadcasted: Atchut:nice
2023-10-05 16:30:20 - Broadcasted: Atchut:bye
2023-10-05 16:30:24 - Broadcasted: Srinivas:byee
2023-10-05 16:37:10 - Broadcasted: 2023-10-05 16:37:10 2023-10-05 16:37:10 Jay:We meet again huh
2023-10-05 16:37:22 - Broadcasted: 2023-10-05 16:37:22 2023-10-05 16:37:22 Srujan:yeah we do
2023-10-05 16:38:12 - Error: name 'remove' is not defined
2023-10-05 16:38:13 - Error: name 'remove' is not defined
2023-10-05 16:38:31 - Broadcasted: 2023-10-05 16:38:31 Jay:Now the logs and timestamp should work correct
2023-10-05 16:38:38 - Broadcasted: 2023-10-05 16:38:38 Srujan:yes they do work correct
2023-10-05 16:38:48 - Broadcasted: 2023-10-05 16:38:48 Jay:wow that is crazy
2023-10-05 16:38:51 - Broadcasted: 2023-10-05 16:38:51 Srujan:very nice
2023-10-05 16:38:52 - Broadcasted: 2023-10-05 16:38:52 Srujan:yes
2023-10-05 16:38:56 - Broadcasted: 2023-10-05 16:38:56 Jay:ookay bye
2023-10-05 16:43:27 - Broadcasted: 2023-10-05 16:43:27 Jay:Finally a error free code
2023-10-05 16:43:32 - Broadcasted: 2023-10-05 16:43:32 Srujan:warning free as well
2023-10-05 16:43:43 - Broadcasted: 2023-10-05 16:43:43 Jay:Chatroom is sucessfully done
2023-10-05 16:43:45 - Broadcasted: 2023-10-05 16:43:45 Srujan:true
2023-10-05 16:43:49 - Broadcasted: 2023-10-05 16:43:49 Srujan:bye
2023-10-05 20:07:09 - Broadcasted: 2023-10-05 20:07:09 Jia:Hellooo
2023-10-05 20:07:12 - Broadcasted: 2023-10-05 20:07:12 Jay:Hiii
2023-10-05 20:07:18 - Broadcasted: 2023-10-05 20:07:18 Monkey:What do you wnat
2023-10-05 20:07:41 - Broadcasted: 2023-10-05 20:07:41 Jay:hii
2023-10-05 20:08:33 - Broadcasted: 2023-10-05 20:08:33 Jia:ohh no I will leave
2023-11-19 16:38:50 - Broadcasted: 2023-11-19 16:38:50 sdf:Hello
2023-11-19 16:38:56 - Broadcasted: 2023-11-19 16:38:56 Jat:Hi How are you
2023-11-19 16:39:03 - Broadcasted: 2023-11-19 16:39:03 sdf:Yeah I am fine
2023-11-19 16:39:08 - Broadcasted: 2023-11-19 16:39:08 sdf:dsf
2024-07-18 21:42:03 - Broadcasted: 2024-07-18 21:42:03 Jay:hello
2024-07-18 21:42:05 - Broadcasted: 2024-07-18 21:42:05 Jia:djfslkfjsd
2024-07-18 21:42:10 - Broadcasted: 2024-07-18 21:42:10 Jia:I am doing fine
2024-07-18 21:42:15 - Broadcasted: 2024-07-18 21:42:15 Jay:I am also doing good
2024-07-18 21:42:19 - Broadcasted: 2024-07-18 21:42:19 Jay:bye
2024-07-18 21:43:44 - Broadcasted: 2024-07-18 21:43:44 Jia:ksla
2024-07-18 21:43:49 - Broadcasted: 2024-07-18 21:43:49 Jia:dslfsf
2024-07-18 21:43:50 - Broadcasted: 2024-07-18 21:43:50 Jia:dslf
2024-07-18 21:43:51 - Broadcasted: 2024-07-18 21:43:51 Jia:dsf
2024-07-18 21:44:13 - Broadcasted: 2024-07-18 21:44:13 Jia:dsfsk
2024-07-18 21:44:15 - Broadcasted: 2024-07-18 21:44:15 Jia:dfls
